<?xml version="1.0" encoding="UTF-8"?>
<!-- Generated by org.testng.reporters.JUnitReportReporter -->
<testsuite hostname="Priyanka" failures="0" tests="1" name="com.bhim.npci.endToend.LanguageTest" time="28.228" errors="0" timestamp="2023-07-16T14:58:25 IST" skipped="0">
  <testcase classname="com.bhim.npci.endToend.LanguageTest" name="verifyLanguageTest" time="28.228"/>
  <system-out>
    <![CDATA[verifyLanguageTest--------TEST SCRIPT EXECUTION STARTED
verifyLanguageTest--------EXECUTED SUCCESSFULLY]]>
  </system-out>
</testsuite> <!-- com.bhim.npci.endToend.LanguageTest -->
