<?xml version="1.0" encoding="UTF-8"?>
<!-- Generated by org.testng.reporters.JUnitReportReporter -->
<testsuite hostname="Priyanka" failures="0" tests="1" name="com.bhim.npci.endToend.FavouritesTest" time="33.038" errors="0" timestamp="2023-07-16T14:53:03 IST" skipped="0">
  <testcase classname="com.bhim.npci.endToend.FavouritesTest" name="addingFavourites" time="33.038"/>
  <system-out>
    <![CDATA[addingFavourites--------TEST SCRIPT EXECUTION STARTED
addingFavourites--------EXECUTED SUCCESSFULLY]]>
  </system-out>
</testsuite> <!-- com.bhim.npci.endToend.FavouritesTest -->
